<?xml version="1.0" encoding="UTF-8"?>
<!-- Generated by org.testng.reporters.JUnitReportReporter -->
<testsuite hostname="DESKTOP-2CHEJR8" failures="0" tests="1" name="CucumberOptions.TestNgTestRunner" time="0.083" errors="0" timestamp="2024-04-13T19:52:05 IST" skipped="0">
  <testcase classname="CucumberOptions.TestNgTestRunner" name="runScenario" time="0.083"/>
  <system-out/>
</testsuite> <!-- CucumberOptions.TestNgTestRunner -->
