<?xml version="1.0" encoding="UTF-8"?>
<!-- Generated by org.testng.reporters.JUnitReportReporter -->
<testsuite hostname="DESKTOP-BNUAC03" failures="0" tests="2" name="TestNg.BankLoan" time="0.015" errors="0" timestamp="2024-03-18T19:21:49 IST" skipped="0">
  <testcase classname="TestNg.BankLoan" name="axisBank" time="0.013"/>
  <system-out/>
  <testcase classname="TestNg.BankLoan" name="kotakBank" time="0.002"/>
  <system-out/>
</testsuite> <!-- TestNg.BankLoan -->
