<?xml version="1.0" encoding="UTF-8"?>
<!-- Generated by org.testng.reporters.JUnitReportReporter -->
<testsuite hostname="DESKTOP-BNUAC03" failures="0" tests="2" name="TestNg.Login" time="0.004" errors="0" timestamp="2024-03-18T19:21:49 IST" skipped="0">
  <testcase classname="TestNg.Login" name="LoginAPI" time="0.002"/>
  <system-out/>
  <testcase classname="TestNg.Login" name="WebLogin" time="0.002"/>
  <system-out/>
</testsuite> <!-- TestNg.Login -->
