<?xml version="1.0" encoding="UTF-8"?>
<!-- Generated by org.testng.reporters.JUnitReportReporter -->
<testsuite hostname="DESKTOP-2CHEJR8" failures="0" tests="3" name="TestNg.Loan" time="0.013" errors="0" timestamp="2024-04-03T13:41:36 IST" skipped="0">
  <testcase classname="TestNg.Loan" name="HomeLoan" time="0.003"/>
  <testcase classname="TestNg.Loan" name="CarLoan" time="0.008"/>
  <testcase classname="TestNg.Loan" name="GoldLoan" time="0.002"/>
</testsuite> <!-- TestNg.Loan -->
