<?xml version="1.0" encoding="UTF-8"?>
<!-- Generated by org.testng.reporters.JUnitReportReporter -->
<testsuite hostname="DESKTOP-BNUAC03" failures="0" tests="1" name="TestNg.Banking" time="0.014" errors="0" timestamp="2024-03-18T18:00:05 IST" skipped="0">
  <testcase classname="TestNg.Banking" name="axisBank" time="0.014"/>
  <system-out/>
</testsuite> <!-- TestNg.Banking -->
